05-Aug-2022 11:22:07.620 INFO [main] org.apache.catalina.startup.VersionLoggerListener.log Nombre de la versión del servidor: Apache Tomcat/10.0.23
05-Aug-2022 11:22:07.644 INFO [main] org.apache.catalina.startup.VersionLoggerListener.log Server built:                      Jul 14 2022 08:16:11 UTC
05-Aug-2022 11:22:07.646 INFO [main] org.apache.catalina.startup.VersionLoggerListener.log Número de versión de servidor:     10.0.23.0
05-Aug-2022 11:22:07.646 INFO [main] org.apache.catalina.startup.VersionLoggerListener.log OS Name:                           Windows 10
05-Aug-2022 11:22:07.646 INFO [main] org.apache.catalina.startup.VersionLoggerListener.log Versión de Systema Operativo:      10.0
05-Aug-2022 11:22:07.647 INFO [main] org.apache.catalina.startup.VersionLoggerListener.log Arquitectura:                      amd64
05-Aug-2022 11:22:07.647 INFO [main] org.apache.catalina.startup.VersionLoggerListener.log Java Home:                         E:\Programs\Java\jdk-18.0.1.1
05-Aug-2022 11:22:07.648 INFO [main] org.apache.catalina.startup.VersionLoggerListener.log JVM Version:                       18.0.1.1+2-6
05-Aug-2022 11:22:07.648 INFO [main] org.apache.catalina.startup.VersionLoggerListener.log Vededor JVM:                       Oracle Corporation
05-Aug-2022 11:22:07.649 INFO [main] org.apache.catalina.startup.VersionLoggerListener.log CATALINA_BASE:                     E:\classs\IntelliJ IDEA\Click and sign\apache-tomcat-10.0.23\apache-tomcat-10.0.23
05-Aug-2022 11:22:07.649 INFO [main] org.apache.catalina.startup.VersionLoggerListener.log CATALINA_HOME:                     E:\classs\IntelliJ IDEA\Click and sign\apache-tomcat-10.0.23\apache-tomcat-10.0.23
05-Aug-2022 11:22:07.689 INFO [main] org.apache.catalina.startup.VersionLoggerListener.log Command line argument:             --add-opens=java.base/java.lang=ALL-UNNAMED
05-Aug-2022 11:22:07.691 INFO [main] org.apache.catalina.startup.VersionLoggerListener.log Command line argument:             --add-opens=java.base/java.io=ALL-UNNAMED
05-Aug-2022 11:22:07.692 INFO [main] org.apache.catalina.startup.VersionLoggerListener.log Command line argument:             --add-opens=java.base/java.util=ALL-UNNAMED
05-Aug-2022 11:22:07.692 INFO [main] org.apache.catalina.startup.VersionLoggerListener.log Command line argument:             --add-opens=java.base/java.util.concurrent=ALL-UNNAMED
05-Aug-2022 11:22:07.694 INFO [main] org.apache.catalina.startup.VersionLoggerListener.log Command line argument:             --add-opens=java.rmi/sun.rmi.transport=ALL-UNNAMED
05-Aug-2022 11:22:07.696 INFO [main] org.apache.catalina.startup.VersionLoggerListener.log Command line argument:             -Djava.util.logging.config.file=E:\classs\IntelliJ IDEA\Click and sign\apache-tomcat-10.0.23\apache-tomcat-10.0.23\conf\logging.properties
05-Aug-2022 11:22:07.697 INFO [main] org.apache.catalina.startup.VersionLoggerListener.log Command line argument:             -Djava.util.logging.manager=org.apache.juli.ClassLoaderLogManager
05-Aug-2022 11:22:07.698 INFO [main] org.apache.catalina.startup.VersionLoggerListener.log Command line argument:             -Djdk.tls.ephemeralDHKeySize=2048
05-Aug-2022 11:22:07.699 INFO [main] org.apache.catalina.startup.VersionLoggerListener.log Command line argument:             -Djava.protocol.handler.pkgs=org.apache.catalina.webresources
05-Aug-2022 11:22:07.699 INFO [main] org.apache.catalina.startup.VersionLoggerListener.log Command line argument:             -Dignore.endorsed.dirs=
05-Aug-2022 11:22:07.700 INFO [main] org.apache.catalina.startup.VersionLoggerListener.log Command line argument:             -Dcatalina.base=E:\classs\IntelliJ IDEA\Click and sign\apache-tomcat-10.0.23\apache-tomcat-10.0.23
05-Aug-2022 11:22:07.701 INFO [main] org.apache.catalina.startup.VersionLoggerListener.log Command line argument:             -Dcatalina.home=E:\classs\IntelliJ IDEA\Click and sign\apache-tomcat-10.0.23\apache-tomcat-10.0.23
05-Aug-2022 11:22:07.701 INFO [main] org.apache.catalina.startup.VersionLoggerListener.log Command line argument:             -Djava.io.tmpdir=E:\classs\IntelliJ IDEA\Click and sign\apache-tomcat-10.0.23\apache-tomcat-10.0.23\temp
05-Aug-2022 11:22:07.716 INFO [main] org.apache.catalina.core.AprLifecycleListener.lifecycleEvent La biblioteca nativa de Apache Tomcat basada en ARP que permite un rendimiento óptimo en entornos de desarrollo no ha sido hallada en java.library.path: [E:\Programs\Java\jdk-18.0.1.1\bin;C:\Windows\Sun\Java\bin;C:\Windows\system32;C:\Windows;C:\Program Files\Microsoft MPI\Bin\;E:\Programs\Java\jdk-18.0.1.1\bin;C:\Program Files\Common Files\Oracle\Java\javapath;C:\Program Files (x86)\Common Files\Oracle\Java\javapath;C:\Program Files\Microsoft\jdk-11.0.12.7-hotspot\bin;C:\Program Files (x86)\VMware\VMware Workstation\bin\;C:\Windows\system32;C:\Windows;C:\Windows\System32\Wbem;C:\Windows\System32\WindowsPowerShell\v1.0\;C:\Windows\System32\OpenSSH\;C:\Program Files\PuTTY\;C:\Program Files\Microsoft SQL Server\Client SDK\ODBC\170\Tools\Binn\;C:\Program Files\Azure Data Studio\bin;C:\Program Files\dotnet\;C:\Program Files\Git\cmd;E:\Programs\OpenSSL-Win64\bin;E:\Programs\SQL SERVER\150\Tools\Binn\;C:\Program Files\Microsoft SQL Server\150\Tools\Binn\;C:\Program Files\Microsoft SQL Server\150\DTS\Binn\;E:\Programs\SQL SERVER\150\DTS\Binn\;E:\Programs\Java\jdk-18.0.1.1\bin;C:\Users\Andrés Aymacaña\AppData\Local\Programs\Python\Python310\Scripts\;C:\Users\Andrés Aymacaña\AppData\Local\Programs\Python\Python310\;C:\Users\Andrés Aymacaña\AppData\Local\Microsoft\WindowsApps;C:\Program Files\Azure Data Studio\bin;C:\Users\Andrés Aymacaña\.dotnet\tools;C:\Users\Andrés Aymacaña\AppData\Local\Programs\Microsoft VS Code\bin;E:\Programs\JetBrains\IntelliJ IDEA 2022.1.2\bin;;;.]
05-Aug-2022 11:22:08.309 INFO [main] org.apache.coyote.AbstractProtocol.init Inicializando el manejador de protocolo ["http-nio-8080"]

05-Aug-2022 11:22:08.346 INFO [main] org.apache.catalina.startup.Catalina.load Server initialization in [1191] milliseconds
05-Aug-2022 11:22:08.417 INFO [main] org.apache.catalina.core.StandardService.startInternal Arrancando servicio [Catalina]
05-Aug-2022 11:22:08.417 INFO [main] org.apache.catalina.core.StandardEngine.startInternal Starting Servlet engine: [Apache Tomcat/10.0.23]
05-Aug-2022 11:22:08.439 INFO [main] org.apache.catalina.startup.HostConfig.deployDirectory Desplegando el directorio [E:\classs\IntelliJ IDEA\Click and sign\apache-tomcat-10.0.23\apache-tomcat-10.0.23\webapps\docs] de la aplicación web
05-Aug-2022 11:22:08.927 INFO [main] org.apache.catalina.startup.HostConfig.deployDirectory Deployment of web application directory [E:\classs\IntelliJ IDEA\Click and sign\apache-tomcat-10.0.23\apache-tomcat-10.0.23\webapps\docs] has finished in [481] ms
05-Aug-2022 11:22:08.928 INFO [main] org.apache.catalina.startup.HostConfig.deployDirectory Desplegando el directorio [E:\classs\IntelliJ IDEA\Click and sign\apache-tomcat-10.0.23\apache-tomcat-10.0.23\webapps\examples] de la aplicación web
05-Aug-2022 11:22:09.976 INFO [main] org.apache.catalina.startup.HostConfig.deployDirectory Deployment of web application directory [E:\classs\IntelliJ IDEA\Click and sign\apache-tomcat-10.0.23\apache-tomcat-10.0.23\webapps\examples] has finished in [1.049] ms
05-Aug-2022 11:22:09.976 INFO [main] org.apache.catalina.startup.HostConfig.deployDirectory Desplegando el directorio [E:\classs\IntelliJ IDEA\Click and sign\apache-tomcat-10.0.23\apache-tomcat-10.0.23\webapps\host-manager] de la aplicación web
05-Aug-2022 11:22:10.030 INFO [main] org.apache.catalina.startup.HostConfig.deployDirectory Deployment of web application directory [E:\classs\IntelliJ IDEA\Click and sign\apache-tomcat-10.0.23\apache-tomcat-10.0.23\webapps\host-manager] has finished in [53] ms
05-Aug-2022 11:22:10.030 INFO [main] org.apache.catalina.startup.HostConfig.deployDirectory Desplegando el directorio [E:\classs\IntelliJ IDEA\Click and sign\apache-tomcat-10.0.23\apache-tomcat-10.0.23\webapps\manager] de la aplicación web
05-Aug-2022 11:22:10.083 INFO [main] org.apache.catalina.startup.HostConfig.deployDirectory Deployment of web application directory [E:\classs\IntelliJ IDEA\Click and sign\apache-tomcat-10.0.23\apache-tomcat-10.0.23\webapps\manager] has finished in [53] ms
05-Aug-2022 11:22:10.083 INFO [main] org.apache.catalina.startup.HostConfig.deployDirectory Desplegando el directorio [E:\classs\IntelliJ IDEA\Click and sign\apache-tomcat-10.0.23\apache-tomcat-10.0.23\webapps\ROOT] de la aplicación web
05-Aug-2022 11:22:10.114 INFO [main] org.apache.catalina.startup.HostConfig.deployDirectory Deployment of web application directory [E:\classs\IntelliJ IDEA\Click and sign\apache-tomcat-10.0.23\apache-tomcat-10.0.23\webapps\ROOT] has finished in [31] ms
05-Aug-2022 11:22:10.120 INFO [main] org.apache.coyote.AbstractProtocol.start Starting ProtocolHandler ["http-nio-8080"]
05-Aug-2022 11:22:10.192 INFO [main] org.apache.catalina.startup.Catalina.start Server startup in [1845] milliseconds
